127.0.0.1 - - [17/Dec/2025 21:32:19] "GET / HTTP/1.1" 304 -
127.0.0.1 - - [17/Dec/2025 21:32:19] "GET /day.html HTTP/1.1" 304 -
127.0.0.1 - - [17/Dec/2025 21:32:22] "GET /calendar.html HTTP/1.1" 200 -
127.0.0.1 - - [17/Dec/2025 21:32:23] "GET /goals.html HTTP/1.1" 200 -
127.0.0.1 - - [18/Dec/2025 14:00:20] "GET / HTTP/1.1" 304 -
127.0.0.1 - - [18/Dec/2025 14:00:20] "GET /styles.css HTTP/1.1" 200 -
127.0.0.1 - - [18/Dec/2025 14:00:20] "GET /day.html HTTP/1.1" 200 -
127.0.0.1 - - [18/Dec/2025 14:00:20] "GET /scripts.js HTTP/1.1" 304 -
127.0.0.1 - - [18/Dec/2025 14:00:20] code 404, message File not found
127.0.0.1 - - [18/Dec/2025 14:00:20] "GET /favicon.ico HTTP/1.1" 404 -
127.0.0.1 - - [18/Dec/2025 14:00:24] "GET /calendar.html HTTP/1.1" 200 -
127.0.0.1 - - [18/Dec/2025 14:00:42] "GET /goals.html HTTP/1.1" 200 -
127.0.0.1 - - [18/Dec/2025 14:00:46] "GET /whiteboard.html HTTP/1.1" 200 -
127.0.0.1 - - [18/Dec/2025 14:00:49] "GET /track.html HTTP/1.1" 200 -
127.0.0.1 - - [18/Dec/2025 14:00:50] "GET /settings.html HTTP/1.1" 200 -
127.0.0.1 - - [19/Dec/2025 22:26:06] "GET / HTTP/1.1" 200 -
127.0.0.1 - - [19/Dec/2025 22:26:06] "GET /styles.css HTTP/1.1" 200 -
127.0.0.1 - - [19/Dec/2025 22:26:06] "GET /day.html HTTP/1.1" 304 -
127.0.0.1 - - [19/Dec/2025 22:26:06] "GET /scripts.js HTTP/1.1" 304 -
127.0.0.1 - - [19/Dec/2025 22:26:17] "GET /calendar.html HTTP/1.1" 304 -
127.0.0.1 - - [19/Dec/2025 22:26:30] "GET /goals.html HTTP/1.1" 304 -
127.0.0.1 - - [19/Dec/2025 22:26:34] "GET /whiteboard.html HTTP/1.1" 304 -
127.0.0.1 - - [19/Dec/2025 22:26:35] "GET /track.html HTTP/1.1" 304 -
127.0.0.1 - - [19/Dec/2025 22:27:17] "GET /settings.html HTTP/1.1" 304 -
127.0.0.1 - - [19/Dec/2025 23:28:16] "GET / HTTP/1.1" 304 -
127.0.0.1 - - [19/Dec/2025 23:28:16] "GET /goals.html HTTP/1.1" 304 -
127.0.0.1 - - [21/Dec/2025 01:02:05] "GET / HTTP/1.1" 200 -
127.0.0.1 - - [21/Dec/2025 01:02:06] "GET /styles.css HTTP/1.1" 200 -
127.0.0.1 - - [21/Dec/2025 01:02:06] "GET /day.html HTTP/1.1" 200 -
127.0.0.1 - - [21/Dec/2025 01:02:06] "GET /scripts.js HTTP/1.1" 304 -
127.0.0.1 - - [21/Dec/2025 01:02:07] "GET /calendar.html HTTP/1.1" 200 -
127.0.0.1 - - [21/Dec/2025 01:02:13] "GET /goals.html HTTP/1.1" 200 -
127.0.0.1 - - [21/Dec/2025 01:03:15] "GET /calendar.html HTTP/1.1" 200 -
127.0.0.1 - - [21/Dec/2025 01:05:13] "GET /whiteboard.html HTTP/1.1" 304 -
127.0.0.1 - - [21/Dec/2025 01:05:15] "GET /day.html HTTP/1.1" 200 -
----------------------------------------
Exception occurred during processing of request from ('127.0.0.1', 53460)
Traceback (most recent call last):
  File "/usr/lib/python3.12/socketserver.py", line 692, in process_request_thread
    self.finish_request(request, client_address)
  File "/usr/lib/python3.12/http/server.py", line 1311, in finish_request
    self.RequestHandlerClass(request, client_address, self,
  File "/usr/lib/python3.12/http/server.py", line 672, in __init__
    super().__init__(*args, **kwargs)
  File "/usr/lib/python3.12/socketserver.py", line 761, in __init__
    self.handle()
  File "/usr/lib/python3.12/http/server.py", line 436, in handle
    self.handle_one_request()
  File "/usr/lib/python3.12/http/server.py", line 424, in handle_one_request
    method()
  File "/usr/lib/python3.12/http/server.py", line 679, in do_GET
    self.copyfile(f, self.wfile)
  File "/usr/lib/python3.12/http/server.py", line 878, in copyfile
    shutil.copyfileobj(source, outputfile)
  File "/usr/lib/python3.12/shutil.py", line 204, in copyfileobj
    fdst_write(buf)
  File "/usr/lib/python3.12/socketserver.py", line 840, in write
    self._sock.sendall(b)
BrokenPipeError: [Errno 32] Broken pipe
----------------------------------------
127.0.0.1 - - [21/Dec/2025 01:31:27] "GET /compleation.mp3 HTTP/1.1" 200 -
127.0.0.1 - - [21/Dec/2025 01:34:35] "GET /track.html HTTP/1.1" 304 -
127.0.0.1 - - [21/Dec/2025 01:34:44] "GET /day.html HTTP/1.1" 200 -
----------------------------------------
Exception occurred during processing of request from ('127.0.0.1', 50332)
Traceback (most recent call last):
  File "/usr/lib/python3.12/socketserver.py", line 692, in process_request_thread
    self.finish_request(request, client_address)
  File "/usr/lib/python3.12/http/server.py", line 1311, in finish_request
    self.RequestHandlerClass(request, client_address, self,
  File "/usr/lib/python3.12/http/server.py", line 672, in __init__
    super().__init__(*args, **kwargs)
  File "/usr/lib/python3.12/socketserver.py", line 761, in __init__
    self.handle()
  File "/usr/lib/python3.12/http/server.py", line 436, in handle
    self.handle_one_request()
  File "/usr/lib/python3.12/http/server.py", line 424, in handle_one_request
    method()
  File "/usr/lib/python3.12/http/server.py", line 679, in do_GET
    self.copyfile(f, self.wfile)
  File "/usr/lib/python3.12/http/server.py", line 878, in copyfile
    shutil.copyfileobj(source, outputfile)
  File "/usr/lib/python3.12/shutil.py", line 204, in copyfileobj
    fdst_write(buf)
  File "/usr/lib/python3.12/socketserver.py", line 840, in write
    self._sock.sendall(b)
BrokenPipeError: [Errno 32] Broken pipe
----------------------------------------
127.0.0.1 - - [21/Dec/2025 02:19:22] "GET / HTTP/1.1" 304 -
127.0.0.1 - - [21/Dec/2025 02:19:22] "GET /day.html HTTP/1.1" 304 -
127.0.0.1 - - [21/Dec/2025 02:19:36] "GET / HTTP/1.1" 200 -
127.0.0.1 - - [21/Dec/2025 02:37:41] "GET /compleation.mp3 HTTP/1.1" 200 -
----------------------------------------
Exception occurred during processing of request from ('127.0.0.1', 38070)
Traceback (most recent call last):
  File "/usr/lib/python3.12/socketserver.py", line 692, in process_request_thread
    self.finish_request(request, client_address)
  File "/usr/lib/python3.12/http/server.py", line 1311, in finish_request
    self.RequestHandlerClass(request, client_address, self,
  File "/usr/lib/python3.12/http/server.py", line 672, in __init__
    super().__init__(*args, **kwargs)
  File "/usr/lib/python3.12/socketserver.py", line 761, in __init__
    self.handle()
  File "/usr/lib/python3.12/http/server.py", line 436, in handle
    self.handle_one_request()
  File "/usr/lib/python3.12/http/server.py", line 424, in handle_one_request
    method()
  File "/usr/lib/python3.12/http/server.py", line 679, in do_GET
    self.copyfile(f, self.wfile)
  File "/usr/lib/python3.12/http/server.py", line 878, in copyfile
    shutil.copyfileobj(source, outputfile)
  File "/usr/lib/python3.12/shutil.py", line 204, in copyfileobj
    fdst_write(buf)
  File "/usr/lib/python3.12/socketserver.py", line 840, in write
    self._sock.sendall(b)
BrokenPipeError: [Errno 32] Broken pipe
----------------------------------------
127.0.0.1 - - [21/Dec/2025 03:44:40] "GET / HTTP/1.1" 304 -
127.0.0.1 - - [21/Dec/2025 03:44:40] "GET /day.html HTTP/1.1" 304 -
127.0.0.1 - - [21/Dec/2025 04:00:06] "GET / HTTP/1.1" 200 -
127.0.0.1 - - [21/Dec/2025 04:00:06] code 404, message File not found
127.0.0.1 - - [21/Dec/2025 04:00:06] "GET /favicon.ico HTTP/1.1" 404 -
----------------------------------------
Exception occurred during processing of request from ('127.0.0.1', 48536)
Traceback (most recent call last):
  File "/usr/lib/python3.12/http/server.py", line 731, in send_head
    f = open(path, 'rb')
        ^^^^^^^^^^^^^^^^
FileNotFoundError: [Errno 2] No such file or directory: '/home/vocrow/Documents/dayProgrammer/favicon.ico'

During handling of the above exception, another exception occurred:

Traceback (most recent call last):
  File "/usr/lib/python3.12/socketserver.py", line 692, in process_request_thread
    self.finish_request(request, client_address)
  File "/usr/lib/python3.12/http/server.py", line 1311, in finish_request
    self.RequestHandlerClass(request, client_address, self,
  File "/usr/lib/python3.12/http/server.py", line 672, in __init__
    super().__init__(*args, **kwargs)
  File "/usr/lib/python3.12/socketserver.py", line 761, in __init__
    self.handle()
  File "/usr/lib/python3.12/http/server.py", line 436, in handle
    self.handle_one_request()
  File "/usr/lib/python3.12/http/server.py", line 424, in handle_one_request
    method()
  File "/usr/lib/python3.12/http/server.py", line 676, in do_GET
    f = self.send_head()
        ^^^^^^^^^^^^^^^^
127.0.0.1 - - [21/Dec/2025 04:00:06] "GET /goals.html HTTP/1.1" 200 -
  File "/usr/lib/python3.12/http/server.py", line 733, in send_head
    self.send_error(HTTPStatus.NOT_FOUND, "File not found")
  File "/usr/lib/python3.12/http/server.py", line 491, in send_error
    self.wfile.write(body)
  File "/usr/lib/python3.12/socketserver.py", line 840, in write
    self._sock.sendall(b)
BrokenPipeError: [Errno 32] Broken pipe
----------------------------------------
127.0.0.1 - - [21/Dec/2025 04:11:57] "GET /goals.html HTTP/1.1" 200 -
127.0.0.1 - - [21/Dec/2025 04:11:59] "GET /calendar.html HTTP/1.1" 200 -
----------------------------------------
Exception occurred during processing of request from ('127.0.0.1', 39728)
Traceback (most recent call last):
  File "/usr/lib/python3.12/socketserver.py", line 692, in process_request_thread
    self.finish_request(request, client_address)
  File "/usr/lib/python3.12/http/server.py", line 1311, in finish_request
    self.RequestHandlerClass(request, client_address, self,
  File "/usr/lib/python3.12/http/server.py", line 672, in __init__
    super().__init__(*args, **kwargs)
  File "/usr/lib/python3.12/socketserver.py", line 761, in __init__
    self.handle()
  File "/usr/lib/python3.12/http/server.py", line 436, in handle
    self.handle_one_request()
  File "/usr/lib/python3.12/http/server.py", line 424, in handle_one_request
    method()
  File "/usr/lib/python3.12/http/server.py", line 679, in do_GET
    self.copyfile(f, self.wfile)
  File "/usr/lib/python3.12/http/server.py", line 878, in copyfile
    shutil.copyfileobj(source, outputfile)
  File "/usr/lib/python3.12/shutil.py", line 204, in copyfileobj
    fdst_write(buf)
  File "/usr/lib/python3.12/socketserver.py", line 840, in write
    self._sock.sendall(b)
BrokenPipeError: [Errno 32] Broken pipe
----------------------------------------
127.0.0.1 - - [21/Dec/2025 04:40:47] "GET / HTTP/1.1" 304 -
127.0.0.1 - - [21/Dec/2025 04:40:47] "GET /day.html HTTP/1.1" 304 -
127.0.0.1 - - [21/Dec/2025 05:36:42] "GET /goals.html HTTP/1.1" 200 -
----------------------------------------
Exception occurred during processing of request from ('127.0.0.1', 56820)
Traceback (most recent call last):
  File "/usr/lib/python3.12/socketserver.py", line 692, in process_request_thread
    self.finish_request(request, client_address)
  File "/usr/lib/python3.12/http/server.py", line 1311, in finish_request
    self.RequestHandlerClass(request, client_address, self,
  File "/usr/lib/python3.12/http/server.py", line 672, in __init__
    super().__init__(*args, **kwargs)
  File "/usr/lib/python3.12/socketserver.py", line 761, in __init__
    self.handle()
  File "/usr/lib/python3.12/http/server.py", line 436, in handle
    self.handle_one_request()
  File "/usr/lib/python3.12/http/server.py", line 424, in handle_one_request
    method()
  File "/usr/lib/python3.12/http/server.py", line 679, in do_GET
    self.copyfile(f, self.wfile)
  File "/usr/lib/python3.12/http/server.py", line 878, in copyfile
    shutil.copyfileobj(source, outputfile)
  File "/usr/lib/python3.12/shutil.py", line 204, in copyfileobj
    fdst_write(buf)
  File "/usr/lib/python3.12/socketserver.py", line 840, in write
    self._sock.sendall(b)
BrokenPipeError: [Errno 32] Broken pipe
----------------------------------------
127.0.0.1 - - [21/Dec/2025 05:38:36] "GET /calendar.html HTTP/1.1" 200 -
----------------------------------------
Exception occurred during processing of request from ('127.0.0.1', 37040)
Traceback (most recent call last):
  File "/usr/lib/python3.12/socketserver.py", line 692, in process_request_thread
    self.finish_request(request, client_address)
  File "/usr/lib/python3.12/http/server.py", line 1311, in finish_request
    self.RequestHandlerClass(request, client_address, self,
  File "/usr/lib/python3.12/http/server.py", line 672, in __init__
    super().__init__(*args, **kwargs)
  File "/usr/lib/python3.12/socketserver.py", line 761, in __init__
    self.handle()
  File "/usr/lib/python3.12/http/server.py", line 436, in handle
    self.handle_one_request()
  File "/usr/lib/python3.12/http/server.py", line 424, in handle_one_request
    method()
  File "/usr/lib/python3.12/http/server.py", line 679, in do_GET
    self.copyfile(f, self.wfile)
  File "/usr/lib/python3.12/http/server.py", line 878, in copyfile
    shutil.copyfileobj(source, outputfile)
  File "/usr/lib/python3.12/shutil.py", line 204, in copyfileobj
    fdst_write(buf)
  File "/usr/lib/python3.12/socketserver.py", line 840, in write
    self._sock.sendall(b)
BrokenPipeError: [Errno 32] Broken pipe
----------------------------------------
127.0.0.1 - - [21/Dec/2025 05:38:42] "GET /goals.html HTTP/1.1" 200 -
127.0.0.1 - - [21/Dec/2025 05:40:56] "GET / HTTP/1.1" 304 -
127.0.0.1 - - [21/Dec/2025 05:40:56] "GET /goals.html HTTP/1.1" 304 -
127.0.0.1 - - [21/Dec/2025 05:40:58] "GET /calendar.html HTTP/1.1" 200 -
----------------------------------------
Exception occurred during processing of request from ('127.0.0.1', 36278)
Traceback (most recent call last):
  File "/usr/lib/python3.12/socketserver.py", line 692, in process_request_thread
    self.finish_request(request, client_address)
  File "/usr/lib/python3.12/http/server.py", line 1311, in finish_request
    self.RequestHandlerClass(request, client_address, self,
  File "/usr/lib/python3.12/http/server.py", line 672, in __init__
    super().__init__(*args, **kwargs)
  File "/usr/lib/python3.12/socketserver.py", line 761, in __init__
    self.handle()
  File "/usr/lib/python3.12/http/server.py", line 436, in handle
    self.handle_one_request()
  File "/usr/lib/python3.12/http/server.py", line 424, in handle_one_request
    method()
  File "/usr/lib/python3.12/http/server.py", line 679, in do_GET
    self.copyfile(f, self.wfile)
  File "/usr/lib/python3.12/http/server.py", line 878, in copyfile
    shutil.copyfileobj(source, outputfile)
  File "/usr/lib/python3.12/shutil.py", line 204, in copyfileobj
    fdst_write(buf)
  File "/usr/lib/python3.12/socketserver.py", line 840, in write
    self._sock.sendall(b)
BrokenPipeError: [Errno 32] Broken pipe
----------------------------------------
127.0.0.1 - - [21/Dec/2025 05:45:53] "GET / HTTP/1.1" 304 -
127.0.0.1 - - [21/Dec/2025 05:45:53] "GET /calendar.html HTTP/1.1" 304 -
127.0.0.1 - - [21/Dec/2025 05:51:56] "GET /victory.mp3 HTTP/1.1" 200 -
127.0.0.1 - - [21/Dec/2025 05:51:56] "GET /confetti.mp3 HTTP/1.1" 200 -
127.0.0.1 - - [21/Dec/2025 05:51:56] "GET /compleation.mp3 HTTP/1.1" 200 -
127.0.0.1 - - [21/Dec/2025 05:52:02] "GET / HTTP/1.1" 200 -
127.0.0.1 - - [21/Dec/2025 05:52:02] code 404, message File not found
127.0.0.1 - - [21/Dec/2025 05:52:02] "GET /favicon.ico HTTP/1.1" 404 -
----------------------------------------
Exception occurred during processing of request from ('127.0.0.1', 52298)
Traceback (most recent call last):
  File "/usr/lib/python3.12/http/server.py", line 731, in send_head
    f = open(path, 'rb')
        ^^^^^^^^^^^^^^^^
FileNotFoundError: [Errno 2] No such file or directory: '/home/vocrow/Documents/dayProgrammer/favicon.ico'

During handling of the above exception, another exception occurred:

Traceback (most recent call last):
  File "/usr/lib/python3.12/socketserver.py", line 692, in process_request_thread
    self.finish_request(request, client_address)
  File "/usr/lib/python3.12/http/server.py", line 1311, in finish_request
    self.RequestHandlerClass(request, client_address, self,
  File "/usr/lib/python3.12/http/server.py", line 672, in __init__
    super().__init__(*args, **kwargs)
  File "/usr/lib/python3.12/socketserver.py", line 761, in __init__
    self.handle()
  File "/usr/lib/python3.12/http/server.py", line 436, in handle
    self.handle_one_request()
  File "/usr/lib/python3.12/http/server.py", line 424, in handle_one_request
    method()
  File "/usr/lib/python3.12/http/server.py", line 676, in do_GET
    f = self.send_head()
        ^^^^^^^^^^^^^^^^
  File "/usr/lib/python3.12/http/server.py", line 733, in send_head
    self.send_error(HTTPStatus.NOT_FOUND, "File not found")
  File "/usr/lib/python3.12/http/server.py", line 491, in send_error
    self.wfile.write(body)
  File "/usr/lib/python3.12/socketserver.py", line 840, in write
    self._sock.sendall(b)
BrokenPipeError: [Errno 32] Broken pipe
----------------------------------------
127.0.0.1 - - [21/Dec/2025 05:52:02] "GET /day.html HTTP/1.1" 200 -
127.0.0.1 - - [21/Dec/2025 05:52:03] "GET / HTTP/1.1" 200 -
127.0.0.1 - - [21/Dec/2025 05:52:03] "GET /day.html HTTP/1.1" 304 -
127.0.0.1 - - [21/Dec/2025 20:33:40] "GET / HTTP/1.1" 304 -
127.0.0.1 - - [21/Dec/2025 20:33:40] "GET /styles.css HTTP/1.1" 200 -
127.0.0.1 - - [21/Dec/2025 20:33:40] "GET /day.html HTTP/1.1" 200 -
127.0.0.1 - - [21/Dec/2025 20:33:40] code 404, message File not found
127.0.0.1 - - [21/Dec/2025 20:33:40] "GET /favicon.ico HTTP/1.1" 404 -
127.0.0.1 - - [21/Dec/2025 20:33:40] "GET /scripts.js HTTP/1.1" 304 -
127.0.0.1 - - [21/Dec/2025 20:33:54] "GET /calendar.html HTTP/1.1" 200 -
127.0.0.1 - - [23/Dec/2025 00:22:43] "GET / HTTP/1.1" 304 -
127.0.0.1 - - [23/Dec/2025 00:22:43] "GET /styles.css HTTP/1.1" 304 -
127.0.0.1 - - [23/Dec/2025 00:22:43] "GET /day.html HTTP/1.1" 304 -
127.0.0.1 - - [23/Dec/2025 00:22:43] "GET /scripts.js HTTP/1.1" 304 -
127.0.0.1 - - [23/Dec/2025 00:23:07] "GET /goals.html HTTP/1.1" 304 -
127.0.0.1 - - [23/Dec/2025 00:23:22] "GET /calendar.html HTTP/1.1" 200 -
127.0.0.1 - - [23/Dec/2025 01:06:19] "GET / HTTP/1.1" 200 -
127.0.0.1 - - [23/Dec/2025 01:06:20] code 404, message File not found
127.0.0.1 - - [23/Dec/2025 01:06:20] "GET /favicon.ico HTTP/1.1" 404 -
127.0.0.1 - - [23/Dec/2025 01:06:20] "GET /day.html HTTP/1.1" 200 -
127.0.0.1 - - [23/Dec/2025 01:06:45] "GET /settings.html HTTP/1.1" 304 -
127.0.0.1 - - [23/Dec/2025 01:06:53] "GET /day.html HTTP/1.1" 200 -
----------------------------------------
Exception occurred during processing of request from ('127.0.0.1', 34288)
Traceback (most recent call last):
  File "/usr/lib/python3.12/socketserver.py", line 692, in process_request_thread
    self.finish_request(request, client_address)
  File "/usr/lib/python3.12/http/server.py", line 1311, in finish_request
    self.RequestHandlerClass(request, client_address, self,
  File "/usr/lib/python3.12/http/server.py", line 672, in __init__
    super().__init__(*args, **kwargs)
  File "/usr/lib/python3.12/socketserver.py", line 761, in __init__
    self.handle()
  File "/usr/lib/python3.12/http/server.py", line 436, in handle
    self.handle_one_request()
  File "/usr/lib/python3.12/http/server.py", line 424, in handle_one_request
    method()
  File "/usr/lib/python3.12/http/server.py", line 679, in do_GET
    self.copyfile(f, self.wfile)
  File "/usr/lib/python3.12/http/server.py", line 878, in copyfile
    shutil.copyfileobj(source, outputfile)
  File "/usr/lib/python3.12/shutil.py", line 204, in copyfileobj
    fdst_write(buf)
  File "/usr/lib/python3.12/socketserver.py", line 840, in write
    self._sock.sendall(b)
BrokenPipeError: [Errno 32] Broken pipe
----------------------------------------
127.0.0.1 - - [23/Dec/2025 01:07:12] "GET /victory.mp3 HTTP/1.1" 200 -
127.0.0.1 - - [23/Dec/2025 01:07:12] "GET /confetti.mp3 HTTP/1.1" 200 -
----------------------------------------
Exception occurred during processing of request from ('127.0.0.1', 41464)
Traceback (most recent call last):
  File "/usr/lib/python3.12/socketserver.py", line 692, in process_request_thread
    self.finish_request(request, client_address)
  File "/usr/lib/python3.12/http/server.py", line 1311, in finish_request
    self.RequestHandlerClass(request, client_address, self,
  File "/usr/lib/python3.12/http/server.py", line 672, in __init__
    super().__init__(*args, **kwargs)
  File "/usr/lib/python3.12/socketserver.py", line 761, in __init__
    self.handle()
  File "/usr/lib/python3.12/http/server.py", line 436, in handle
    self.handle_one_request()
  File "/usr/lib/python3.12/http/server.py", line 424, in handle_one_request
    method()
  File "/usr/lib/python3.12/http/server.py", line 679, in do_GET
    self.copyfile(f, self.wfile)
  File "/usr/lib/python3.12/http/server.py", line 878, in copyfile
    shutil.copyfileobj(source, outputfile)
  File "/usr/lib/python3.12/shutil.py", line 204, in copyfileobj
    fdst_write(buf)
  File "/usr/lib/python3.12/socketserver.py", line 840, in write
    self._sock.sendall(b)
BrokenPipeError: [Errno 32] Broken pipe
----------------------------------------
127.0.0.1 - - [23/Dec/2025 01:07:15] "GET /calendar.html HTTP/1.1" 200 -
----------------------------------------
Exception occurred during processing of request from ('127.0.0.1', 41478)
Traceback (most recent call last):
  File "/usr/lib/python3.12/socketserver.py", line 692, in process_request_thread
    self.finish_request(request, client_address)
  File "/usr/lib/python3.12/http/server.py", line 1311, in finish_request
    self.RequestHandlerClass(request, client_address, self,
  File "/usr/lib/python3.12/http/server.py", line 672, in __init__
    super().__init__(*args, **kwargs)
  File "/usr/lib/python3.12/socketserver.py", line 761, in __init__
    self.handle()
  File "/usr/lib/python3.12/http/server.py", line 436, in handle
    self.handle_one_request()
  File "/usr/lib/python3.12/http/server.py", line 424, in handle_one_request
    method()
  File "/usr/lib/python3.12/http/server.py", line 679, in do_GET
    self.copyfile(f, self.wfile)
  File "/usr/lib/python3.12/http/server.py", line 878, in copyfile
    shutil.copyfileobj(source, outputfile)
  File "/usr/lib/python3.12/shutil.py", line 204, in copyfileobj
    fdst_write(buf)
  File "/usr/lib/python3.12/socketserver.py", line 840, in write
    self._sock.sendall(b)
BrokenPipeError: [Errno 32] Broken pipe
----------------------------------------
127.0.0.1 - - [23/Dec/2025 01:07:17] "GET /day.html HTTP/1.1" 200 -
----------------------------------------
Exception occurred during processing of request from ('127.0.0.1', 41488)
Traceback (most recent call last):
  File "/usr/lib/python3.12/socketserver.py", line 692, in process_request_thread
    self.finish_request(request, client_address)
  File "/usr/lib/python3.12/http/server.py", line 1311, in finish_request
    self.RequestHandlerClass(request, client_address, self,
  File "/usr/lib/python3.12/http/server.py", line 672, in __init__
    super().__init__(*args, **kwargs)
  File "/usr/lib/python3.12/socketserver.py", line 761, in __init__
    self.handle()
  File "/usr/lib/python3.12/http/server.py", line 436, in handle
    self.handle_one_request()
  File "/usr/lib/python3.12/http/server.py", line 424, in handle_one_request
    method()
  File "/usr/lib/python3.12/http/server.py", line 679, in do_GET
    self.copyfile(f, self.wfile)
  File "/usr/lib/python3.12/http/server.py", line 878, in copyfile
    shutil.copyfileobj(source, outputfile)
  File "/usr/lib/python3.12/shutil.py", line 204, in copyfileobj
    fdst_write(buf)
  File "/usr/lib/python3.12/socketserver.py", line 840, in write
    self._sock.sendall(b)
BrokenPipeError: [Errno 32] Broken pipe
----------------------------------------
127.0.0.1 - - [23/Dec/2025 01:07:18] "GET /track.html HTTP/1.1" 200 -
127.0.0.1 - - [23/Dec/2025 01:07:23] "GET / HTTP/1.1" 304 -
127.0.0.1 - - [23/Dec/2025 01:07:23] "GET /day.html HTTP/1.1" 304 -
127.0.0.1 - - [28/Dec/2025 04:15:34] "GET / HTTP/1.1" 304 -
127.0.0.1 - - [28/Dec/2025 04:15:34] "GET /styles.css HTTP/1.1" 200 -
127.0.0.1 - - [28/Dec/2025 04:15:34] "GET /day.html HTTP/1.1" 200 -
127.0.0.1 - - [28/Dec/2025 04:15:34] "GET /scripts.js HTTP/1.1" 304 -
127.0.0.1 - - [28/Dec/2025 04:15:38] "GET /calendar.html HTTP/1.1" 200 -
127.0.0.1 - - [28/Dec/2025 04:16:29] "GET /goals.html HTTP/1.1" 200 -
127.0.0.1 - - [28/Dec/2025 04:24:10] "GET /whiteboard.html HTTP/1.1" 200 -
127.0.0.1 - - [28/Dec/2025 04:35:28] "GET /goals.html HTTP/1.1" 200 -
127.0.0.1 - - [28/Dec/2025 04:38:00] "GET / HTTP/1.1" 304 -
127.0.0.1 - - [28/Dec/2025 04:38:00] "GET /goals.html HTTP/1.1" 304 -
127.0.0.1 - - [28/Dec/2025 05:08:34] "GET /compleation.mp3 HTTP/1.1" 304 -
127.0.0.1 - - [28/Dec/2025 19:24:26] "GET /goals.html HTTP/1.1" 200 -
----------------------------------------
Exception occurred during processing of request from ('127.0.0.1', 55742)
Traceback (most recent call last):
  File "/usr/lib/python3.12/socketserver.py", line 692, in process_request_thread
    self.finish_request(request, client_address)
  File "/usr/lib/python3.12/http/server.py", line 1311, in finish_request
    self.RequestHandlerClass(request, client_address, self,
  File "/usr/lib/python3.12/http/server.py", line 672, in __init__
    super().__init__(*args, **kwargs)
  File "/usr/lib/python3.12/socketserver.py", line 761, in __init__
    self.handle()
  File "/usr/lib/python3.12/http/server.py", line 436, in handle
    self.handle_one_request()
  File "/usr/lib/python3.12/http/server.py", line 424, in handle_one_request
    method()
  File "/usr/lib/python3.12/http/server.py", line 679, in do_GET
    self.copyfile(f, self.wfile)
  File "/usr/lib/python3.12/http/server.py", line 878, in copyfile
    shutil.copyfileobj(source, outputfile)
  File "/usr/lib/python3.12/shutil.py", line 204, in copyfileobj
    fdst_write(buf)
  File "/usr/lib/python3.12/socketserver.py", line 840, in write
    self._sock.sendall(b)
BrokenPipeError: [Errno 32] Broken pipe
----------------------------------------
127.0.0.1 - - [02/Jan/2026 20:41:35] "GET / HTTP/1.1" 304 -
127.0.0.1 - - [02/Jan/2026 20:41:35] "GET /styles.css HTTP/1.1" 304 -
127.0.0.1 - - [02/Jan/2026 20:41:35] "GET /day.html HTTP/1.1" 304 -
127.0.0.1 - - [02/Jan/2026 20:41:35] "GET /scripts.js HTTP/1.1" 304 -
127.0.0.1 - - [02/Jan/2026 20:41:36] code 404, message File not found
127.0.0.1 - - [02/Jan/2026 20:41:36] "GET /favicon.ico HTTP/1.1" 404 -
127.0.0.1 - - [02/Jan/2026 20:50:36] "GET /calendar.html HTTP/1.1" 200 -
127.0.0.1 - - [02/Jan/2026 20:50:41] "GET /goals.html HTTP/1.1" 304 -
127.0.0.1 - - [02/Jan/2026 20:52:01] "GET /day.html HTTP/1.1" 200 -
----------------------------------------
Exception occurred during processing of request from ('127.0.0.1', 35146)
Traceback (most recent call last):
  File "/usr/lib/python3.12/socketserver.py", line 692, in process_request_thread
    self.finish_request(request, client_address)
  File "/usr/lib/python3.12/http/server.py", line 1311, in finish_request
    self.RequestHandlerClass(request, client_address, self,
  File "/usr/lib/python3.12/http/server.py", line 672, in __init__
    super().__init__(*args, **kwargs)
  File "/usr/lib/python3.12/socketserver.py", line 761, in __init__
    self.handle()
  File "/usr/lib/python3.12/http/server.py", line 436, in handle
    self.handle_one_request()
  File "/usr/lib/python3.12/http/server.py", line 424, in handle_one_request
    method()
  File "/usr/lib/python3.12/http/server.py", line 679, in do_GET
    self.copyfile(f, self.wfile)
  File "/usr/lib/python3.12/http/server.py", line 878, in copyfile
    shutil.copyfileobj(source, outputfile)
  File "/usr/lib/python3.12/shutil.py", line 204, in copyfileobj
    fdst_write(buf)
  File "/usr/lib/python3.12/socketserver.py", line 840, in write
    self._sock.sendall(b)
BrokenPipeError: [Errno 32] Broken pipe
----------------------------------------
127.0.0.1 - - [02/Jan/2026 20:52:40] "GET /whiteboard.html HTTP/1.1" 200 -
127.0.0.1 - - [02/Jan/2026 20:52:41] "GET /track.html HTTP/1.1" 200 -
127.0.0.1 - - [02/Jan/2026 21:24:23] "GET /compleation.mp3 HTTP/1.1" 304 -
127.0.0.1 - - [03/Jan/2026 00:27:59] "GET /compleation.mp3 HTTP/1.1" 200 -
----------------------------------------
Exception occurred during processing of request from ('127.0.0.1', 59182)
Traceback (most recent call last):
  File "/usr/lib/python3.12/socketserver.py", line 692, in process_request_thread
    self.finish_request(request, client_address)
  File "/usr/lib/python3.12/http/server.py", line 1311, in finish_request
    self.RequestHandlerClass(request, client_address, self,
  File "/usr/lib/python3.12/http/server.py", line 672, in __init__
    super().__init__(*args, **kwargs)
  File "/usr/lib/python3.12/socketserver.py", line 761, in __init__
    self.handle()
  File "/usr/lib/python3.12/http/server.py", line 436, in handle
    self.handle_one_request()
  File "/usr/lib/python3.12/http/server.py", line 424, in handle_one_request
    method()
  File "/usr/lib/python3.12/http/server.py", line 679, in do_GET
    self.copyfile(f, self.wfile)
  File "/usr/lib/python3.12/http/server.py", line 878, in copyfile
    shutil.copyfileobj(source, outputfile)
  File "/usr/lib/python3.12/shutil.py", line 204, in copyfileobj
    fdst_write(buf)
  File "/usr/lib/python3.12/socketserver.py", line 840, in write
    self._sock.sendall(b)
BrokenPipeError: [Errno 32] Broken pipe
----------------------------------------
127.0.0.1 - - [03/Jan/2026 00:28:56] "GET /victory.mp3 HTTP/1.1" 200 -
127.0.0.1 - - [03/Jan/2026 00:28:56] "GET /confetti.mp3 HTTP/1.1" 200 -
127.0.0.1 - - [03/Jan/2026 21:37:40] code 404, message File not found
127.0.0.1 - - [03/Jan/2026 21:37:40] "GET /favicon.ico HTTP/1.1" 404 -
127.0.0.1 - - [03/Jan/2026 21:38:11] "GET /settings.html HTTP/1.1" 200 -
127.0.0.1 - - [03/Jan/2026 22:13:30] "GET /goals.html HTTP/1.1" 200 -
----------------------------------------
Exception occurred during processing of request from ('127.0.0.1', 41858)
Traceback (most recent call last):
  File "/usr/lib/python3.12/socketserver.py", line 692, in process_request_thread
    self.finish_request(request, client_address)
  File "/usr/lib/python3.12/http/server.py", line 1311, in finish_request
    self.RequestHandlerClass(request, client_address, self,
  File "/usr/lib/python3.12/http/server.py", line 672, in __init__
    super().__init__(*args, **kwargs)
  File "/usr/lib/python3.12/socketserver.py", line 761, in __init__
    self.handle()
  File "/usr/lib/python3.12/http/server.py", line 436, in handle
    self.handle_one_request()
  File "/usr/lib/python3.12/http/server.py", line 424, in handle_one_request
    method()
  File "/usr/lib/python3.12/http/server.py", line 679, in do_GET
    self.copyfile(f, self.wfile)
  File "/usr/lib/python3.12/http/server.py", line 878, in copyfile
    shutil.copyfileobj(source, outputfile)
  File "/usr/lib/python3.12/shutil.py", line 204, in copyfileobj
    fdst_write(buf)
  File "/usr/lib/python3.12/socketserver.py", line 840, in write
    self._sock.sendall(b)
BrokenPipeError: [Errno 32] Broken pipe
----------------------------------------
127.0.0.1 - - [04/Jan/2026 00:01:47] "GET /compleation.mp3 HTTP/1.1" 200 -
----------------------------------------
Exception occurred during processing of request from ('127.0.0.1', 59610)
Traceback (most recent call last):
  File "/usr/lib/python3.12/socketserver.py", line 692, in process_request_thread
    self.finish_request(request, client_address)
  File "/usr/lib/python3.12/http/server.py", line 1311, in finish_request
    self.RequestHandlerClass(request, client_address, self,
  File "/usr/lib/python3.12/http/server.py", line 672, in __init__
    super().__init__(*args, **kwargs)
  File "/usr/lib/python3.12/socketserver.py", line 761, in __init__
    self.handle()
  File "/usr/lib/python3.12/http/server.py", line 436, in handle
    self.handle_one_request()
  File "/usr/lib/python3.12/http/server.py", line 424, in handle_one_request
    method()
  File "/usr/lib/python3.12/http/server.py", line 679, in do_GET
    self.copyfile(f, self.wfile)
  File "/usr/lib/python3.12/http/server.py", line 878, in copyfile
    shutil.copyfileobj(source, outputfile)
  File "/usr/lib/python3.12/shutil.py", line 204, in copyfileobj
    fdst_write(buf)
  File "/usr/lib/python3.12/socketserver.py", line 840, in write
    self._sock.sendall(b)
BrokenPipeError: [Errno 32] Broken pipe
----------------------------------------
127.0.0.1 - - [08/Jan/2026 01:39:20] "GET / HTTP/1.1" 304 -
127.0.0.1 - - [08/Jan/2026 01:39:20] "GET /styles.css HTTP/1.1" 304 -
127.0.0.1 - - [08/Jan/2026 01:39:20] "GET /calendar.html HTTP/1.1" 304 -
127.0.0.1 - - [08/Jan/2026 01:39:20] code 404, message File not found
127.0.0.1 - - [08/Jan/2026 01:39:20] "GET /favicon.ico HTTP/1.1" 404 -
127.0.0.1 - - [08/Jan/2026 01:39:20] "GET /scripts.js HTTP/1.1" 304 -
127.0.0.1 - - [08/Jan/2026 01:48:58] "GET /goals.html HTTP/1.1" 200 -
127.0.0.1 - - [08/Jan/2026 02:27:25] "GET / HTTP/1.1" 200 -
127.0.0.1 - - [08/Jan/2026 02:27:25] "GET /styles.css HTTP/1.1" 200 -
127.0.0.1 - - [08/Jan/2026 02:27:25] "GET /day.html HTTP/1.1" 304 -
127.0.0.1 - - [08/Jan/2026 02:27:35] "GET /calendar.html HTTP/1.1" 200 -
127.0.0.1 - - [08/Jan/2026 02:27:44] "GET /whiteboard.html HTTP/1.1" 200 -
127.0.0.1 - - [08/Jan/2026 02:27:46] "GET /track.html HTTP/1.1" 200 -
127.0.0.1 - - [08/Jan/2026 02:27:47] "GET /settings.html HTTP/1.1" 200 -
127.0.0.1 - - [08/Jan/2026 02:43:42] "GET / HTTP/1.1" 200 -
----------------------------------------
Exception occurred during processing of request from ('127.0.0.1', 45762)
127.0.0.1 - - [08/Jan/2026 02:43:42] "GET /styles.css HTTP/1.1" 200 -
Traceback (most recent call last):
  File "/usr/lib/python3.12/socketserver.py", line 692, in process_request_thread
    self.finish_request(request, client_address)
  File "/usr/lib/python3.12/http/server.py", line 1311, in finish_request
    self.RequestHandlerClass(request, client_address, self,
  File "/usr/lib/python3.12/http/server.py", line 672, in __init__
    super().__init__(*args, **kwargs)
  File "/usr/lib/python3.12/socketserver.py", line 761, in __init__
    self.handle()
  File "/usr/lib/python3.12/http/server.py", line 436, in handle
    self.handle_one_request()
  File "/usr/lib/python3.12/http/server.py", line 424, in handle_one_request
    method()
  File "/usr/lib/python3.12/http/server.py", line 679, in do_GET
    self.copyfile(f, self.wfile)
  File "/usr/lib/python3.12/http/server.py", line 878, in copyfile
    shutil.copyfileobj(source, outputfile)
  File "/usr/lib/python3.12/shutil.py", line 204, in copyfileobj
    fdst_write(buf)
  File "/usr/lib/python3.12/socketserver.py", line 840, in write
    self._sock.sendall(b)
BrokenPipeError: [Errno 32] Broken pipe
----------------------------------------
127.0.0.1 - - [08/Jan/2026 02:43:42] "GET /goals.html HTTP/1.1" 200 -
127.0.0.1 - - [08/Jan/2026 02:43:45] "GET /day.html HTTP/1.1" 200 -
----------------------------------------
Exception occurred during processing of request from ('127.0.0.1', 40606)
Traceback (most recent call last):
  File "/usr/lib/python3.12/socketserver.py", line 692, in process_request_thread
    self.finish_request(request, client_address)
  File "/usr/lib/python3.12/http/server.py", line 1311, in finish_request
    self.RequestHandlerClass(request, client_address, self,
  File "/usr/lib/python3.12/http/server.py", line 672, in __init__
    super().__init__(*args, **kwargs)
  File "/usr/lib/python3.12/socketserver.py", line 761, in __init__
    self.handle()
  File "/usr/lib/python3.12/http/server.py", line 436, in handle
    self.handle_one_request()
  File "/usr/lib/python3.12/http/server.py", line 424, in handle_one_request
    method()
  File "/usr/lib/python3.12/http/server.py", line 679, in do_GET
    self.copyfile(f, self.wfile)
  File "/usr/lib/python3.12/http/server.py", line 878, in copyfile
    shutil.copyfileobj(source, outputfile)
  File "/usr/lib/python3.12/shutil.py", line 204, in copyfileobj
    fdst_write(buf)
  File "/usr/lib/python3.12/socketserver.py", line 840, in write
    self._sock.sendall(b)
BrokenPipeError: [Errno 32] Broken pipe
----------------------------------------
127.0.0.1 - - [08/Jan/2026 02:43:49] "GET /settings.html HTTP/1.1" 200 -
127.0.0.1 - - [08/Jan/2026 03:46:29] "GET / HTTP/1.1" 200 -
127.0.0.1 - - [08/Jan/2026 03:46:29] "GET /settings.html HTTP/1.1" 200 -
127.0.0.1 - - [08/Jan/2026 03:46:29] code 404, message File not found
127.0.0.1 - - [08/Jan/2026 03:46:29] "GET /favicon.ico HTTP/1.1" 404 -
----------------------------------------
Exception occurred during processing of request from ('127.0.0.1', 36844)
Traceback (most recent call last):
  File "/usr/lib/python3.12/http/server.py", line 731, in send_head
    f = open(path, 'rb')
        ^^^^^^^^^^^^^^^^
FileNotFoundError: [Errno 2] No such file or directory: '/home/vocrow/Documents/dayProgrammer/favicon.ico'

During handling of the above exception, another exception occurred:

Traceback (most recent call last):
  File "/usr/lib/python3.12/socketserver.py", line 692, in process_request_thread
    self.finish_request(request, client_address)
  File "/usr/lib/python3.12/http/server.py", line 1311, in finish_request
    self.RequestHandlerClass(request, client_address, self,
  File "/usr/lib/python3.12/http/server.py", line 672, in __init__
    super().__init__(*args, **kwargs)
  File "/usr/lib/python3.12/socketserver.py", line 761, in __init__
    self.handle()
  File "/usr/lib/python3.12/http/server.py", line 436, in handle
    self.handle_one_request()
  File "/usr/lib/python3.12/http/server.py", line 424, in handle_one_request
    method()
  File "/usr/lib/python3.12/http/server.py", line 676, in do_GET
    f = self.send_head()
        ^^^^^^^^^^^^^^^^
  File "/usr/lib/python3.12/http/server.py", line 733, in send_head
    self.send_error(HTTPStatus.NOT_FOUND, "File not found")
  File "/usr/lib/python3.12/http/server.py", line 491, in send_error
    self.wfile.write(body)
  File "/usr/lib/python3.12/socketserver.py", line 840, in write
    self._sock.sendall(b)
BrokenPipeError: [Errno 32] Broken pipe
----------------------------------------
127.0.0.1 - - [08/Jan/2026 03:46:59] "GET /day.html HTTP/1.1" 200 -
----------------------------------------
Exception occurred during processing of request from ('127.0.0.1', 59170)
Traceback (most recent call last):
  File "/usr/lib/python3.12/socketserver.py", line 692, in process_request_thread
    self.finish_request(request, client_address)
  File "/usr/lib/python3.12/http/server.py", line 1311, in finish_request
    self.RequestHandlerClass(request, client_address, self,
  File "/usr/lib/python3.12/http/server.py", line 672, in __init__
    super().__init__(*args, **kwargs)
  File "/usr/lib/python3.12/socketserver.py", line 761, in __init__
    self.handle()
  File "/usr/lib/python3.12/http/server.py", line 436, in handle
    self.handle_one_request()
  File "/usr/lib/python3.12/http/server.py", line 424, in handle_one_request
    method()
  File "/usr/lib/python3.12/http/server.py", line 679, in do_GET
    self.copyfile(f, self.wfile)
  File "/usr/lib/python3.12/http/server.py", line 878, in copyfile
    shutil.copyfileobj(source, outputfile)
  File "/usr/lib/python3.12/shutil.py", line 204, in copyfileobj
    fdst_write(buf)
  File "/usr/lib/python3.12/socketserver.py", line 840, in write
    self._sock.sendall(b)
BrokenPipeError: [Errno 32] Broken pipe
----------------------------------------
127.0.0.1 - - [08/Jan/2026 03:47:10] "GET /settings.html HTTP/1.1" 304 -
127.0.0.1 - - [08/Jan/2026 03:47:30] "GET /settings.html HTTP/1.1" 304 -
127.0.0.1 - - [08/Jan/2026 03:47:32] "GET /compleation.mp3 HTTP/1.1" 200 -
127.0.0.1 - - [08/Jan/2026 03:47:32] "GET /compleation.mp3 HTTP/1.1" 200 -
127.0.0.1 - - [08/Jan/2026 03:47:32] "GET /compleation.mp3 HTTP/1.1" 200 -
127.0.0.1 - - [08/Jan/2026 04:41:57] "GET /day.html HTTP/1.1" 200 -
127.0.0.1 - - [08/Jan/2026 04:42:04] "GET /settings.html HTTP/1.1" 200 -
127.0.0.1 - - [08/Jan/2026 04:42:46] "GET / HTTP/1.1" 304 -
127.0.0.1 - - [08/Jan/2026 04:42:46] "GET /settings.html HTTP/1.1" 304 -
127.0.0.1 - - [08/Jan/2026 04:43:00] "GET / HTTP/1.1" 304 -
127.0.0.1 - - [08/Jan/2026 04:43:00] "GET /calendar.html HTTP/1.1" 304 -
127.0.0.1 - - [08/Jan/2026 04:43:06] "GET / HTTP/1.1" 304 -
127.0.0.1 - - [08/Jan/2026 04:43:06] "GET /day.html HTTP/1.1" 304 -
127.0.0.1 - - [08/Jan/2026 04:46:29] "GET / HTTP/1.1" 304 -
127.0.0.1 - - [08/Jan/2026 04:46:29] "GET /day.html HTTP/1.1" 304 -
127.0.0.1 - - [08/Jan/2026 04:47:50] "GET / HTTP/1.1" 304 -
127.0.0.1 - - [08/Jan/2026 04:47:50] "GET /day.html HTTP/1.1" 304 -
127.0.0.1 - - [08/Jan/2026 04:47:51] "GET / HTTP/1.1" 304 -
127.0.0.1 - - [08/Jan/2026 04:47:51] "GET /day.html HTTP/1.1" 304 -
127.0.0.1 - - [08/Jan/2026 04:47:51] "GET / HTTP/1.1" 304 -
127.0.0.1 - - [08/Jan/2026 04:47:51] "GET /day.html HTTP/1.1" 304 -
127.0.0.1 - - [08/Jan/2026 04:47:51] "GET / HTTP/1.1" 304 -
127.0.0.1 - - [08/Jan/2026 04:47:51] "GET /day.html HTTP/1.1" 304 -
127.0.0.1 - - [08/Jan/2026 04:47:52] "GET / HTTP/1.1" 304 -
127.0.0.1 - - [08/Jan/2026 04:47:52] "GET /day.html HTTP/1.1" 304 -
127.0.0.1 - - [08/Jan/2026 04:47:52] "GET / HTTP/1.1" 304 -
127.0.0.1 - - [08/Jan/2026 04:47:52] "GET /day.html HTTP/1.1" 304 -
127.0.0.1 - - [08/Jan/2026 05:13:20] "GET / HTTP/1.1" 304 -
127.0.0.1 - - [08/Jan/2026 05:13:20] "GET /day.html HTTP/1.1" 304 -
127.0.0.1 - - [08/Jan/2026 05:41:25] "GET / HTTP/1.1" 304 -
127.0.0.1 - - [08/Jan/2026 05:41:25] "GET /day.html HTTP/1.1" 200 -
127.0.0.1 - - [08/Jan/2026 05:41:25] "GET /ui.js HTTP/1.1" 200 -
127.0.0.1 - - [08/Jan/2026 05:41:30] "GET / HTTP/1.1" 304 -
127.0.0.1 - - [08/Jan/2026 05:41:30] "GET /day.html HTTP/1.1" 304 -
127.0.0.1 - - [08/Jan/2026 05:41:31] "GET / HTTP/1.1" 304 -
127.0.0.1 - - [08/Jan/2026 05:41:31] "GET /day.html HTTP/1.1" 304 -
127.0.0.1 - - [08/Jan/2026 05:41:31] "GET / HTTP/1.1" 304 -
127.0.0.1 - - [08/Jan/2026 05:41:31] "GET /day.html HTTP/1.1" 304 -
127.0.0.1 - - [08/Jan/2026 05:41:34] "GET /goals.html HTTP/1.1" 200 -
127.0.0.1 - - [08/Jan/2026 05:41:36] "GET /track.html HTTP/1.1" 200 -
127.0.0.1 - - [08/Jan/2026 05:41:37] "GET /settings.html HTTP/1.1" 200 -
127.0.0.1 - - [08/Jan/2026 05:52:32] "GET /day.html HTTP/1.1" 200 -
127.0.0.1 - - [08/Jan/2026 05:52:39] "GET /goals.html HTTP/1.1" 200 -
127.0.0.1 - - [08/Jan/2026 05:52:39] "GET /goals.html HTTP/1.1" 200 -
127.0.0.1 - - [08/Jan/2026 05:52:43] "GET /settings.html HTTP/1.1" 200 -
127.0.0.1 - - [08/Jan/2026 05:52:53] "GET / HTTP/1.1" 200 -
127.0.0.1 - - [08/Jan/2026 05:52:53] "GET /settings.html HTTP/1.1" 304 -
127.0.0.1 - - [08/Jan/2026 05:52:59] "GET /goals.html HTTP/1.1" 200 -
127.0.0.1 - - [08/Jan/2026 05:53:02] "GET /goals.html HTTP/1.1" 200 -
127.0.0.1 - - [08/Jan/2026 05:55:13] "GET / HTTP/1.1" 200 -
127.0.0.1 - - [08/Jan/2026 05:55:13] "GET /day.html HTTP/1.1" 200 -
127.0.0.1 - - [08/Jan/2026 16:32:52] "GET / HTTP/1.1" 304 -
127.0.0.1 - - [08/Jan/2026 16:32:52] "GET /day.html HTTP/1.1" 200 -
127.0.0.1 - - [08/Jan/2026 16:33:00] "GET /goals.html HTTP/1.1" 200 -
127.0.0.1 - - [08/Jan/2026 16:33:04] "GET /settings.html HTTP/1.1" 200 -
127.0.0.1 - - [08/Jan/2026 16:56:32] "GET /goals.html HTTP/1.1" 200 -
127.0.0.1 - - [08/Jan/2026 16:56:40] "GET /settings.html HTTP/1.1" 200 -
----------------------------------------
Exception occurred during processing of request from ('127.0.0.1', 51890)
Traceback (most recent call last):
  File "/usr/lib/python3.12/socketserver.py", line 692, in process_request_thread
    self.finish_request(request, client_address)
  File "/usr/lib/python3.12/http/server.py", line 1311, in finish_request
    self.RequestHandlerClass(request, client_address, self,
  File "/usr/lib/python3.12/http/server.py", line 672, in __init__
    super().__init__(*args, **kwargs)
  File "/usr/lib/python3.12/socketserver.py", line 761, in __init__
    self.handle()
  File "/usr/lib/python3.12/http/server.py", line 436, in handle
    self.handle_one_request()
  File "/usr/lib/python3.12/http/server.py", line 424, in handle_one_request
    method()
  File "/usr/lib/python3.12/http/server.py", line 679, in do_GET
    self.copyfile(f, self.wfile)
  File "/usr/lib/python3.12/http/server.py", line 878, in copyfile
    shutil.copyfileobj(source, outputfile)
  File "/usr/lib/python3.12/shutil.py", line 204, in copyfileobj
    fdst_write(buf)
  File "/usr/lib/python3.12/socketserver.py", line 840, in write
    self._sock.sendall(b)
BrokenPipeError: [Errno 32] Broken pipe
----------------------------------------
127.0.0.1 - - [08/Jan/2026 17:09:26] "GET / HTTP/1.1" 200 -
127.0.0.1 - - [08/Jan/2026 17:09:26] code 404, message File not found
127.0.0.1 - - [08/Jan/2026 17:09:26] "GET /favicon.ico HTTP/1.1" 404 -
127.0.0.1 - - [08/Jan/2026 17:26:18] "GET / HTTP/1.1" 304 -
127.0.0.1 - - [08/Jan/2026 17:26:18] "GET /day.html HTTP/1.1" 200 -
127.0.0.1 - - [08/Jan/2026 18:01:29] "GET / HTTP/1.1" 304 -
127.0.0.1 - - [08/Jan/2026 18:01:29] "GET /day.html HTTP/1.1" 304 -
127.0.0.1 - - [08/Jan/2026 18:01:30] "GET / HTTP/1.1" 304 -
127.0.0.1 - - [08/Jan/2026 18:01:30] "GET /day.html HTTP/1.1" 304 -
127.0.0.1 - - [08/Jan/2026 18:01:30] "GET / HTTP/1.1" 304 -
127.0.0.1 - - [08/Jan/2026 18:01:30] "GET /day.html HTTP/1.1" 304 -
127.0.0.1 - - [08/Jan/2026 18:01:30] "GET / HTTP/1.1" 304 -
127.0.0.1 - - [08/Jan/2026 18:01:31] "GET /day.html HTTP/1.1" 304 -
127.0.0.1 - - [08/Jan/2026 18:08:06] "GET /day.html HTTP/1.1" 304 -
127.0.0.1 - - [08/Jan/2026 18:08:06] "GET /calendar.html HTTP/1.1" 200 -
----------------------------------------
Exception occurred during processing of request from ('127.0.0.1', 36634)
Traceback (most recent call last):
  File "/usr/lib/python3.12/socketserver.py", line 692, in process_request_thread
    self.finish_request(request, client_address)
  File "/usr/lib/python3.12/http/server.py", line 1311, in finish_request
    self.RequestHandlerClass(request, client_address, self,
  File "/usr/lib/python3.12/http/server.py", line 672, in __init__
    super().__init__(*args, **kwargs)
  File "/usr/lib/python3.12/socketserver.py", line 761, in __init__
    self.handle()
  File "/usr/lib/python3.12/http/server.py", line 436, in handle
    self.handle_one_request()
  File "/usr/lib/python3.12/http/server.py", line 424, in handle_one_request
    method()
  File "/usr/lib/python3.12/http/server.py", line 679, in do_GET
    self.copyfile(f, self.wfile)
  File "/usr/lib/python3.12/http/server.py", line 878, in copyfile
    shutil.copyfileobj(source, outputfile)
  File "/usr/lib/python3.12/shutil.py", line 204, in copyfileobj
    fdst_write(buf)
  File "/usr/lib/python3.12/socketserver.py", line 840, in write
    self._sock.sendall(b)
BrokenPipeError: [Errno 32] Broken pipe
----------------------------------------
127.0.0.1 - - [08/Jan/2026 18:09:38] "GET / HTTP/1.1" 200 -
127.0.0.1 - - [08/Jan/2026 18:09:38] "GET /day.html HTTP/1.1" 304 -
127.0.0.1 - - [08/Jan/2026 19:38:40] "GET / HTTP/1.1" 304 -
127.0.0.1 - - [08/Jan/2026 19:38:40] "GET /day.html HTTP/1.1" 304 -
127.0.0.1 - - [08/Jan/2026 19:38:44] "GET /goals.html HTTP/1.1" 200 -
